080425 110642 AM: INFO: ********* Test_0001_Login ********
080425 110642 AM: INFO: ********* Verifying Home Page Title ********
080425 110644 AM: INFO: ********* Home Page Title TestCase Passed ********
080425 110646 AM: INFO: ********* Test_0001_Login ********
080425 110646 AM: INFO: ********* Verifying Login ********
080425 110658 AM: INFO: ********* Login TestCase Passed ********
080425 115054 AM: INFO: ********* Test_0001_Login ********
080425 115054 AM: INFO: ********* Verifying Login ********
080425 115056 AM: INFO: ********* Test_0001_Login ********
080425 115056 AM: INFO: ********* Verifying Home Page Title ********
080425 115058 AM: INFO: ********* Home Page Title TestCase Passed ********
080425 115108 AM: INFO: ********* Login TestCase Passed ********
080425 120306 PM: INFO: ********* Test_0001_Login ********
080425 120306 PM: INFO: ********* Verifying Login ********
080425 120307 PM: INFO: ********* Test_0001_Login ********
080425 120307 PM: INFO: ********* Verifying Home Page Title ********
080425 120313 PM: INFO: ********* Home Page Title TestCase Passed ********
080425 120539 PM: INFO: ********* Test_0001_Login ********
080425 120539 PM: INFO: ********* Verifying Login ********
080425 120540 PM: INFO: ********* Test_0001_Login ********
080425 120540 PM: INFO: ********* Verifying Home Page Title ********
080425 120542 PM: INFO: ********* Home Page Title TestCase Passed ********
080425 120550 PM: INFO: ********* Login TestCase Passed ********
080425 120834 PM: INFO: ********* Test_0001_Login ********
080425 120834 PM: INFO: ********* Verifying Login ********
080425 120835 PM: INFO: ********* Test_0001_Login ********
080425 120835 PM: INFO: ********* Verifying Home Page Title ********
080425 120836 PM: INFO: ********* Home Page Title TestCase Passed ********
080425 124727 PM: INFO: ********* Test_0002_Login ********
080425 124727 PM: INFO: ********* Verifying Login ********
080425 124740 PM: INFO: ********* Login TestCase Passed ********
080425 124740 PM: INFO: ********* Login DataDriven TestCase Passed ********
080425 124822 PM: INFO: ********* Test_0002_Login ********
080425 124822 PM: INFO: ********* Verifying Login ********
080425 124833 PM: INFO: ********* Login TestCase Passed ********
080425 124833 PM: INFO: ********* Login DataDriven TestCase Passed ********
080425 125018 PM: INFO: ********* Test_0002_Login ********
080425 125018 PM: INFO: ********* Verifying Login ********
080425 125028 PM: INFO: ********* Login TestCase Passed ********
080425 125128 PM: INFO: ********* Test_0002_Login ********
080425 125128 PM: INFO: ********* Verifying Login ********
080425 125139 PM: INFO: ********* Login TestCase Passed ********
080425 125334 PM: INFO: ********* Test_0002_Login ********
080425 125334 PM: INFO: ********* Verifying Login ********
080425 125345 PM: INFO: ********* Login TestCase Passed ********
080425 125349 PM: INFO: ********* Login TestCase Passed ********
080425 125353 PM: INFO: ********* Login TestCase Passed ********
080425 125357 PM: INFO: ********* Login TestCase Passed ********
080425 125357 PM: INFO: ********* Login DataDriven TestCase Passed ********
080425 125357 PM: INFO: ********* Test_0002_Login Ended ********
080425 022337 PM: INFO: ********* Test_0002_Login ********
080425 022337 PM: INFO: ********* Verifying Login ********
080425 022350 PM: INFO: ********* Login TestCase Passed ********
080425 022355 PM: INFO: ********* Login TestCase Passed ********
080425 022359 PM: INFO: ********* Login TestCase Passed ********
080425 022403 PM: INFO: ********* Login TestCase Passed ********
080425 022403 PM: INFO: ********* Login DataDriven TestCase Passed ********
080425 022403 PM: INFO: ********* Test_0002_Login Ended ********
080425 022704 PM: INFO: ********* Verifying Home Page Title ********
080425 022706 PM: INFO: ********* Home Page Title TestCase Passed ********
080425 022709 PM: INFO: ********* Test_0001_Login ********
080425 022709 PM: INFO: ********* Verifying Login ********
080425 022718 PM: INFO: ********* Login TestCase Passed ********
080425 022819 PM: INFO: ********* Test_0002_Login ********
080425 022819 PM: INFO: ********* Verifying Login ********
080425 022829 PM: INFO: ********* Login TestCase Passed ********
080425 022833 PM: INFO: ********* Login TestCase Passed ********
080425 022837 PM: INFO: ********* Login TestCase Passed ********
080425 022841 PM: INFO: ********* Login TestCase Passed ********
080425 022842 PM: INFO: ********* Login DataDriven TestCase Passed ********
080425 022842 PM: INFO: ********* Test_0002_Login Ended ********
